# JRE version: OpenJDK Runtime Environment (8.0_242-b01) (build 1.8.0_242-release-1644-b01)
# Java VM: OpenJDK 64-Bit Server VM (25.242-b01 mixed mode windows-amd64 compressed oops)
Heap:
 PSYoungGen      total 522752K, used 92803K [0x00000000d5580000, 0x00000000f8900000, 0x0000000100000000)
  eden space 468480K, 8% used [0x00000000d5580000,0x00000000d7b23338,0x00000000f1f00000)
  from space 54272K, 99% used [0x00000000f1f00000,0x00000000f53fdb08,0x00000000f5400000)
  to   space 50688K, 0% used [0x00000000f5780000,0x00000000f5780000,0x00000000f8900000)
 ParOldGen       total 207360K, used 148647K [0x0000000080000000, 0x000000008ca80000, 0x00000000d5580000)
  object space 207360K, 71% used [0x0000000080000000,0x0000000089129f80,0x000000008ca80000)
 Metaspace       used 96970K, capacity 104325K, committed 104488K, reserved 1138688K
  class space    used 13132K, capacity 14612K, committed 14640K, reserved 1048576K
GC Heap History (10 events):
Event: 7.907 GC heap before
{Heap before GC invocations=13 (full 3):
 PSYoungGen      total 361472K, used 361456K [0x00000000d5580000, 0x00000000f2c00000, 0x0000000100000000)
  eden space 335360K, 100% used [0x00000000d5580000,0x00000000e9d00000,0x00000000e9d00000)
  from space 26112K, 99% used [0x00000000e9d00000,0x00000000eb67c030,0x00000000eb680000)
  to   space 37376K, 0% used [0x00000000f0780000,0x00000000f0780000,0x00000000f2c00000)
 ParOldGen       total 207360K, used 54680K [0x0000000080000000, 0x000000008ca80000, 0x00000000d5580000)
  object space 207360K, 26% used [0x0000000080000000,0x0000000083566070,0x000000008ca80000)
 Metaspace       used 75714K, capacity 81166K, committed 81200K, reserved 1118208K
  class space    used 10398K, capacity 11564K, committed 11568K, reserved 1048576K
Event: 7.932 GC heap after
Heap after GC invocations=13 (full 3):
 PSYoungGen      total 427520K, used 37352K [0x00000000d5580000, 0x00000000f4c00000, 0x0000000100000000)
  eden space 390144K, 0% used [0x00000000d5580000,0x00000000d5580000,0x00000000ed280000)
  from space 37376K, 99% used [0x00000000f0780000,0x00000000f2bfa030,0x00000000f2c00000)
  to   space 54272K, 0% used [0x00000000ed280000,0x00000000ed280000,0x00000000f0780000)
 ParOldGen       total 207360K, used 85287K [0x0000000080000000, 0x000000008ca80000, 0x00000000d5580000)
  object space 207360K, 41% used [0x0000000080000000,0x0000000085349ef8,0x000000008ca80000)
 Metaspace       used 75714K, capacity 81166K, committed 81200K, reserved 1118208K
  class space    used 10398K, capacity 11564K, committed 11568K, reserved 1048576K
}
Event: 9.913 GC heap before
{Heap before GC invocations=14 (full 3):
 PSYoungGen      total 427520K, used 427496K [0x00000000d5580000, 0x00000000f4c00000, 0x0000000100000000)
  eden space 390144K, 100% used [0x00000000d5580000,0x00000000ed280000,0x00000000ed280000)
  from space 37376K, 99% used [0x00000000f0780000,0x00000000f2bfa030,0x00000000f2c00000)
  to   space 54272K, 0% used [0x00000000ed280000,0x00000000ed280000,0x00000000f0780000)
 ParOldGen       total 207360K, used 85287K [0x0000000080000000, 0x000000008ca80000, 0x00000000d5580000)
  object space 207360K, 41% used [0x0000000080000000,0x0000000085349ef8,0x000000008ca80000)
 Metaspace       used 79703K, capacity 85676K, committed 85808K, reserved 1122304K
  class space    used 10829K, capacity 12071K, committed 12080K, reserved 1048576K
Event: 9.961 GC heap after
Heap after GC invocations=14 (full 3):
 PSYoungGen      total 444416K, used 17428K [0x00000000d5580000, 0x00000000f8a00000, 0x0000000100000000)
  eden space 390144K, 0% used [0x00000000d5580000,0x00000000d5580000,0x00000000ed280000)
  from space 54272K, 32% used [0x00000000ed280000,0x00000000ee385230,0x00000000f0780000)
  to   space 51712K, 0% used [0x00000000f5780000,0x00000000f5780000,0x00000000f8a00000)
 ParOldGen       total 207360K, used 122481K [0x0000000080000000, 0x000000008ca80000, 0x00000000d5580000)
  object space 207360K, 59% used [0x0000000080000000,0x000000008779c6f8,0x000000008ca80000)
 Metaspace       used 79703K, capacity 85676K, committed 85808K, reserved 1122304K
  class space    used 10829K, capacity 12071K, committed 12080K, reserved 1048576K
}
Event: 11.437 GC heap before
{Heap before GC invocations=15 (full 3):
 PSYoungGen      total 444416K, used 254996K [0x00000000d5580000, 0x00000000f8a00000, 0x0000000100000000)
  eden space 390144K, 60% used [0x00000000d5580000,0x00000000e3d7fee8,0x00000000ed280000)
  from space 54272K, 32% used [0x00000000ed280000,0x00000000ee385230,0x00000000f0780000)
  to   space 51712K, 0% used [0x00000000f5780000,0x00000000f5780000,0x00000000f8a00000)
 ParOldGen       total 207360K, used 122481K [0x0000000080000000, 0x000000008ca80000, 0x00000000d5580000)
  object space 207360K, 59% used [0x0000000080000000,0x000000008779c6f8,0x000000008ca80000)
 Metaspace       used 91351K, capacity 98599K, committed 98600K, reserved 1134592K
  class space    used 12662K, capacity 14128K, committed 14128K, reserved 1048576K
Event: 11.455 GC heap after
Heap after GC invocations=15 (full 3):
 PSYoungGen      total 519168K, used 36610K [0x00000000d5580000, 0x00000000f8900000, 0x0000000100000000)
  eden space 468480K, 0% used [0x00000000d5580000,0x00000000d5580000,0x00000000f1f00000)
  from space 50688K, 72% used [0x00000000f5780000,0x00000000f7b40820,0x00000000f8900000)
  to   space 54272K, 0% used [0x00000000f1f00000,0x00000000f1f00000,0x00000000f5400000)
 ParOldGen       total 207360K, used 122489K [0x0000000080000000, 0x000000008ca80000, 0x00000000d5580000)
  object space 207360K, 59% used [0x0000000080000000,0x000000008779e6f8,0x000000008ca80000)
 Metaspace       used 91351K, capacity 98599K, committed 98600K, reserved 1134592K
  class space    used 12662K, capacity 14128K, committed 14128K, reserved 1048576K
}
Event: 11.455 GC heap before
{Heap before GC invocations=16 (full 4):
 PSYoungGen      total 519168K, used 36610K [0x00000000d5580000, 0x00000000f8900000, 0x0000000100000000)
  eden space 468480K, 0% used [0x00000000d5580000,0x00000000d5580000,0x00000000f1f00000)
  from space 50688K, 72% used [0x00000000f5780000,0x00000000f7b40820,0x00000000f8900000)
  to   space 54272K, 0% used [0x00000000f1f00000,0x00000000f1f00000,0x00000000f5400000)
 ParOldGen       total 207360K, used 122489K [0x0000000080000000, 0x000000008ca80000, 0x00000000d5580000)
  object space 207360K, 59% used [0x0000000080000000,0x000000008779e6f8,0x000000008ca80000)
 Metaspace       used 91351K, capacity 98599K, committed 98600K, reserved 1134592K
  class space    used 12662K, capacity 14128K, committed 14128K, reserved 1048576K
Event: 11.717 GC heap after
Heap after GC invocations=16 (full 4):
 PSYoungGen      total 519168K, used 0K [0x00000000d5580000, 0x00000000f8900000, 0x0000000100000000)
  eden space 468480K, 0% used [0x00000000d5580000,0x00000000d5580000,0x00000000f1f00000)
  from space 50688K, 0% used [0x00000000f5780000,0x00000000f5780000,0x00000000f8900000)
  to   space 54272K, 0% used [0x00000000f1f00000,0x00000000f1f00000,0x00000000f5400000)
 ParOldGen       total 207360K, used 146622K [0x0000000080000000, 0x000000008ca80000, 0x00000000d5580000)
  object space 207360K, 70% used [0x0000000080000000,0x0000000088f2fb18,0x000000008ca80000)
 Metaspace       used 91017K, capacity 97647K, committed 98600K, reserved 1134592K
  class space    used 12553K, capacity 13934K, committed 14128K, reserved 1048576K
}
Event: 70.281 GC heap before
{Heap before GC invocations=17 (full 4):
 PSYoungGen      total 519168K, used 468480K [0x00000000d5580000, 0x00000000f8900000, 0x0000000100000000)
  eden space 468480K, 100% used [0x00000000d5580000,0x00000000f1f00000,0x00000000f1f00000)
  from space 50688K, 0% used [0x00000000f5780000,0x00000000f5780000,0x00000000f8900000)
  to   space 54272K, 0% used [0x00000000f1f00000,0x00000000f1f00000,0x00000000f5400000)
 ParOldGen       total 207360K, used 146622K [0x0000000080000000, 0x000000008ca80000, 0x00000000d5580000)
  object space 207360K, 70% used [0x0000000080000000,0x0000000088f2fb18,0x000000008ca80000)
 Metaspace       used 95525K, capacity 102879K, committed 103080K, reserved 1138688K
  class space    used 12928K, capacity 14443K, committed 14512K, reserved 1048576K
Event: 70.318 GC heap after
Heap after GC invocations=17 (full 4):
 PSYoungGen      total 522752K, used 54262K [0x00000000d5580000, 0x00000000f8900000, 0x0000000100000000)
  eden space 468480K, 0% used [0x00000000d5580000,0x00000000d5580000,0x00000000f1f00000)
  from space 54272K, 99% used [0x00000000f1f00000,0x00000000f53fdb08,0x00000000f5400000)
  to   space 50688K, 0% used [0x00000000f5780000,0x00000000f5780000,0x00000000f8900000)
 ParOldGen       total 207360K, used 148647K [0x0000000080000000, 0x000000008ca80000, 0x00000000d5580000)
  object space 207360K, 71% used [0x0000000080000000,0x0000000089129f80,0x000000008ca80000)
 Metaspace       used 95525K, capacity 102879K, committed 103080K, reserved 1138688K
  class space    used 12928K, capacity 14443K, committed 14512K, reserved 1048576K
}

