# JRE version: OpenJDK Runtime Environment (8.0_242-b01) (build 1.8.0_242-release-1644-b01)
# Java VM: OpenJDK 64-Bit Server VM (25.242-b01 mixed mode windows-amd64 compressed oops)
Heap:
 PSYoungGen      total 457216K, used 291983K [0x00000000d5580000, 0x00000000f9800000, 0x0000000100000000)
  eden space 402432K, 72% used [0x00000000d5580000,0x00000000e72a3da0,0x00000000ede80000)
  from space 54784K, 0% used [0x00000000f6280000,0x00000000f6280000,0x00000000f9800000)
  to   space 54784K, 0% used [0x00000000ede80000,0x00000000ede80000,0x00000000f1400000)
 ParOldGen       total 203264K, used 143268K [0x0000000080000000, 0x000000008c680000, 0x00000000d5580000)
  object space 203264K, 70% used [0x0000000080000000,0x0000000088be9120,0x000000008c680000)
 Metaspace       used 104549K, capacity 110932K, committed 112560K, reserved 1146880K
  class space    used 13936K, capacity 15319K, committed 15792K, reserved 1048576K
GC Heap History (10 events):
Event: 9.448 GC heap before
{Heap before GC invocations=13 (full 3):
 PSYoungGen      total 366080K, used 366064K [0x00000000d5580000, 0x00000000f3880000, 0x0000000100000000)
  eden space 339968K, 100% used [0x00000000d5580000,0x00000000ea180000,0x00000000ea180000)
  from space 26112K, 99% used [0x00000000ea180000,0x00000000ebafc020,0x00000000ebb00000)
  to   space 37376K, 0% used [0x00000000f1400000,0x00000000f1400000,0x00000000f3880000)
 ParOldGen       total 203264K, used 55454K [0x0000000080000000, 0x000000008c680000, 0x00000000d5580000)
  object space 203264K, 27% used [0x0000000080000000,0x0000000083627bd8,0x000000008c680000)
 Metaspace       used 76248K, capacity 81758K, committed 81840K, reserved 1120256K
  class space    used 10436K, capacity 11632K, committed 11696K, reserved 1048576K
Event: 9.479 GC heap after
Heap after GC invocations=13 (full 3):
 PSYoungGen      total 439808K, used 37352K [0x00000000d5580000, 0x00000000f5980000, 0x0000000100000000)
  eden space 402432K, 0% used [0x00000000d5580000,0x00000000d5580000,0x00000000ede80000)
  from space 37376K, 99% used [0x00000000f1400000,0x00000000f387a060,0x00000000f3880000)
  to   space 54784K, 0% used [0x00000000ede80000,0x00000000ede80000,0x00000000f1400000)
 ParOldGen       total 203264K, used 87144K [0x0000000080000000, 0x000000008c680000, 0x00000000d5580000)
  object space 203264K, 42% used [0x0000000080000000,0x000000008551a3c8,0x000000008c680000)
 Metaspace       used 76248K, capacity 81758K, committed 81840K, reserved 1120256K
  class space    used 10436K, capacity 11632K, committed 11696K, reserved 1048576K
}
Event: 22.488 GC heap before
{Heap before GC invocations=14 (full 3):
 PSYoungGen      total 439808K, used 439784K [0x00000000d5580000, 0x00000000f5980000, 0x0000000100000000)
  eden space 402432K, 100% used [0x00000000d5580000,0x00000000ede80000,0x00000000ede80000)
  from space 37376K, 99% used [0x00000000f1400000,0x00000000f387a060,0x00000000f3880000)
  to   space 54784K, 0% used [0x00000000ede80000,0x00000000ede80000,0x00000000f1400000)
 ParOldGen       total 203264K, used 87144K [0x0000000080000000, 0x000000008c680000, 0x00000000d5580000)
  object space 203264K, 42% used [0x0000000080000000,0x000000008551a3c8,0x000000008c680000)
 Metaspace       used 86684K, capacity 92566K, committed 92720K, reserved 1128448K
  class space    used 11730K, capacity 13022K, committed 13104K, reserved 1048576K
Event: 22.527 GC heap after
Heap after GC invocations=14 (full 3):
 PSYoungGen      total 457216K, used 31605K [0x00000000d5580000, 0x00000000f9800000, 0x0000000100000000)
  eden space 402432K, 0% used [0x00000000d5580000,0x00000000d5580000,0x00000000ede80000)
  from space 54784K, 57% used [0x00000000ede80000,0x00000000efd5d6b8,0x00000000f1400000)
  to   space 54784K, 0% used [0x00000000f6280000,0x00000000f6280000,0x00000000f9800000)
 ParOldGen       total 203264K, used 124371K [0x0000000080000000, 0x000000008c680000, 0x00000000d5580000)
  object space 203264K, 61% used [0x0000000080000000,0x0000000087974f98,0x000000008c680000)
 Metaspace       used 86684K, capacity 92566K, committed 92720K, reserved 1128448K
  class space    used 11730K, capacity 13022K, committed 13104K, reserved 1048576K
}
Event: 23.094 GC heap before
{Heap before GC invocations=15 (full 3):
 PSYoungGen      total 457216K, used 140855K [0x00000000d5580000, 0x00000000f9800000, 0x0000000100000000)
  eden space 402432K, 27% used [0x00000000d5580000,0x00000000dc030830,0x00000000ede80000)
  from space 54784K, 57% used [0x00000000ede80000,0x00000000efd5d6b8,0x00000000f1400000)
  to   space 54784K, 0% used [0x00000000f6280000,0x00000000f6280000,0x00000000f9800000)
 ParOldGen       total 203264K, used 124371K [0x0000000080000000, 0x000000008c680000, 0x00000000d5580000)
  object space 203264K, 61% used [0x0000000080000000,0x0000000087974f98,0x000000008c680000)
 Metaspace       used 92423K, capacity 98392K, committed 98600K, reserved 1134592K
  class space    used 12388K, capacity 13677K, committed 13744K, reserved 1048576K
Event: 23.134 GC heap after
Heap after GC invocations=15 (full 3):
 PSYoungGen      total 457216K, used 54783K [0x00000000d5580000, 0x00000000f9800000, 0x0000000100000000)
  eden space 402432K, 0% used [0x00000000d5580000,0x00000000d5580000,0x00000000ede80000)
  from space 54784K, 99% used [0x00000000f6280000,0x00000000f97ffd40,0x00000000f9800000)
  to   space 54784K, 0% used [0x00000000ede80000,0x00000000ede80000,0x00000000f1400000)
 ParOldGen       total 203264K, used 152046K [0x0000000080000000, 0x000000008c680000, 0x00000000d5580000)
  object space 203264K, 74% used [0x0000000080000000,0x000000008947bb58,0x000000008c680000)
 Metaspace       used 92423K, capacity 98392K, committed 98600K, reserved 1134592K
  class space    used 12388K, capacity 13677K, committed 13744K, reserved 1048576K
}
Event: 23.134 GC heap before
{Heap before GC invocations=16 (full 4):
 PSYoungGen      total 457216K, used 54783K [0x00000000d5580000, 0x00000000f9800000, 0x0000000100000000)
  eden space 402432K, 0% used [0x00000000d5580000,0x00000000d5580000,0x00000000ede80000)
  from space 54784K, 99% used [0x00000000f6280000,0x00000000f97ffd40,0x00000000f9800000)
  to   space 54784K, 0% used [0x00000000ede80000,0x00000000ede80000,0x00000000f1400000)
 ParOldGen       total 203264K, used 152046K [0x0000000080000000, 0x000000008c680000, 0x00000000d5580000)
  object space 203264K, 74% used [0x0000000080000000,0x000000008947bb58,0x000000008c680000)
 Metaspace       used 92423K, capacity 98392K, committed 98600K, reserved 1134592K
  class space    used 12388K, capacity 13677K, committed 13744K, reserved 1048576K
Event: 23.458 GC heap after
Heap after GC invocations=16 (full 4):
 PSYoungGen      total 457216K, used 0K [0x00000000d5580000, 0x00000000f9800000, 0x0000000100000000)
  eden space 402432K, 0% used [0x00000000d5580000,0x00000000d5580000,0x00000000ede80000)
  from space 54784K, 0% used [0x00000000f6280000,0x00000000f6280000,0x00000000f9800000)
  to   space 54784K, 0% used [0x00000000ede80000,0x00000000ede80000,0x00000000f1400000)
 ParOldGen       total 203264K, used 193868K [0x0000000080000000, 0x000000008c680000, 0x00000000d5580000)
  object space 203264K, 95% used [0x0000000080000000,0x000000008bd53130,0x000000008c680000)
 Metaspace       used 92171K, capacity 97668K, committed 98600K, reserved 1134592K
  class space    used 12307K, capacity 13533K, committed 13744K, reserved 1048576K
}
Event: 25.082 GC heap before
{Heap before GC invocations=17 (full 5):
 PSYoungGen      total 457216K, used 402432K [0x00000000d5580000, 0x00000000f9800000, 0x0000000100000000)
  eden space 402432K, 100% used [0x00000000d5580000,0x00000000ede80000,0x00000000ede80000)
  from space 54784K, 0% used [0x00000000f6280000,0x00000000f6280000,0x00000000f9800000)
  to   space 54784K, 0% used [0x00000000ede80000,0x00000000ede80000,0x00000000f1400000)
 ParOldGen       total 203264K, used 193868K [0x0000000080000000, 0x000000008c680000, 0x00000000d5580000)
  object space 203264K, 95% used [0x0000000080000000,0x000000008bd53130,0x000000008c680000)
 Metaspace       used 104702K, capacity 111902K, committed 112048K, reserved 1144832K
  class space    used 14144K, capacity 15718K, committed 15792K, reserved 1048576K
Event: 25.275 GC heap after
Heap after GC invocations=17 (full 5):
 PSYoungGen      total 457216K, used 0K [0x00000000d5580000, 0x00000000f9800000, 0x0000000100000000)
  eden space 402432K, 0% used [0x00000000d5580000,0x00000000d5580000,0x00000000ede80000)
  from space 54784K, 0% used [0x00000000f6280000,0x00000000f6280000,0x00000000f9800000)
  to   space 54784K, 0% used [0x00000000ede80000,0x00000000ede80000,0x00000000f1400000)
 ParOldGen       total 203264K, used 143268K [0x0000000080000000, 0x000000008c680000, 0x00000000d5580000)
  object space 203264K, 70% used [0x0000000080000000,0x0000000088be9120,0x000000008c680000)
 Metaspace       used 103950K, capacity 110092K, committed 112048K, reserved 1144832K
  class space    used 13875K, capacity 15235K, committed 15792K, reserved 1048576K
}

