# JRE version: OpenJDK Runtime Environment (8.0_242-b01) (build 1.8.0_242-release-1644-b01)
# Java VM: OpenJDK 64-Bit Server VM (25.242-b01 mixed mode windows-amd64 compressed oops)
Heap:
 PSYoungGen      total 628736K, used 556711K [0x00000000d5580000, 0x00000000ff980000, 0x0000000100000000)
  eden space 569344K, 94% used [0x00000000d5580000,0x00000000f637c880,0x00000000f8180000)
  from space 59392K, 30% used [0x00000000fbf80000,0x00000000fd12d768,0x00000000ff980000)
  to   space 61440K, 0% used [0x00000000f8180000,0x00000000f8180000,0x00000000fbd80000)
 ParOldGen       total 207872K, used 157322K [0x0000000080000000, 0x000000008cb00000, 0x00000000d5580000)
  object space 207872K, 75% used [0x0000000080000000,0x00000000899a2898,0x000000008cb00000)
 Metaspace       used 87859K, capacity 95108K, committed 95152K, reserved 1130496K
  class space    used 12006K, capacity 13477K, committed 13488K, reserved 1048576K
GC Heap History (10 events):
Event: 9.791 GC heap before
{Heap before GC invocations=15 (full 3):
 PSYoungGen      total 443904K, used 438121K [0x00000000d5580000, 0x00000000fa600000, 0x0000000100000000)
  eden space 389632K, 100% used [0x00000000d5580000,0x00000000ed200000,0x00000000ed200000)
  from space 54272K, 89% used [0x00000000ed200000,0x00000000f015a6a8,0x00000000f0700000)
  to   space 60928K, 0% used [0x00000000f6a80000,0x00000000f6a80000,0x00000000fa600000)
 ParOldGen       total 207872K, used 122067K [0x0000000080000000, 0x000000008cb00000, 0x00000000d5580000)
  object space 207872K, 58% used [0x0000000080000000,0x0000000087734f30,0x000000008cb00000)
 Metaspace       used 86501K, capacity 93714K, committed 93872K, reserved 1130496K
  class space    used 11980K, capacity 13436K, committed 13488K, reserved 1048576K
Event: 9.815 GC heap after
Heap after GC invocations=15 (full 3):
 PSYoungGen      total 542208K, used 43896K [0x00000000d5580000, 0x00000000fb480000, 0x0000000100000000)
  eden space 481280K, 0% used [0x00000000d5580000,0x00000000d5580000,0x00000000f2b80000)
  from space 60928K, 72% used [0x00000000f6a80000,0x00000000f955e328,0x00000000fa600000)
  to   space 64512K, 0% used [0x00000000f2b80000,0x00000000f2b80000,0x00000000f6a80000)
 ParOldGen       total 207872K, used 122075K [0x0000000080000000, 0x000000008cb00000, 0x00000000d5580000)
  object space 207872K, 58% used [0x0000000080000000,0x0000000087736f30,0x000000008cb00000)
 Metaspace       used 86501K, capacity 93714K, committed 93872K, reserved 1130496K
  class space    used 11980K, capacity 13436K, committed 13488K, reserved 1048576K
}
Event: 10.260 GC heap before
{Heap before GC invocations=16 (full 3):
 PSYoungGen      total 542208K, used 525176K [0x00000000d5580000, 0x00000000fb480000, 0x0000000100000000)
  eden space 481280K, 100% used [0x00000000d5580000,0x00000000f2b80000,0x00000000f2b80000)
  from space 60928K, 72% used [0x00000000f6a80000,0x00000000f955e328,0x00000000fa600000)
  to   space 64512K, 0% used [0x00000000f2b80000,0x00000000f2b80000,0x00000000f6a80000)
 ParOldGen       total 207872K, used 122075K [0x0000000080000000, 0x000000008cb00000, 0x00000000d5580000)
  object space 207872K, 58% used [0x0000000080000000,0x0000000087736f30,0x000000008cb00000)
 Metaspace       used 87114K, capacity 94352K, committed 94640K, reserved 1130496K
  class space    used 11992K, capacity 13439K, committed 13488K, reserved 1048576K
Event: 10.284 GC heap after
Heap after GC invocations=16 (full 3):
 PSYoungGen      total 545792K, used 41339K [0x00000000d5580000, 0x0000000100000000, 0x0000000100000000)
  eden space 481280K, 0% used [0x00000000d5580000,0x00000000d5580000,0x00000000f2b80000)
  from space 64512K, 64% used [0x00000000f2b80000,0x00000000f53ded68,0x00000000f6a80000)
  to   space 66048K, 0% used [0x00000000fbf80000,0x00000000fbf80000,0x0000000100000000)
 ParOldGen       total 207872K, used 122075K [0x0000000080000000, 0x000000008cb00000, 0x00000000d5580000)
  object space 207872K, 58% used [0x0000000080000000,0x0000000087736f30,0x000000008cb00000)
 Metaspace       used 87114K, capacity 94352K, committed 94640K, reserved 1130496K
  class space    used 11992K, capacity 13439K, committed 13488K, reserved 1048576K
}
Event: 10.598 GC heap before
{Heap before GC invocations=17 (full 3):
 PSYoungGen      total 545792K, used 522619K [0x00000000d5580000, 0x0000000100000000, 0x0000000100000000)
  eden space 481280K, 100% used [0x00000000d5580000,0x00000000f2b80000,0x00000000f2b80000)
  from space 64512K, 64% used [0x00000000f2b80000,0x00000000f53ded68,0x00000000f6a80000)
  to   space 66048K, 0% used [0x00000000fbf80000,0x00000000fbf80000,0x0000000100000000)
 ParOldGen       total 207872K, used 122075K [0x0000000080000000, 0x000000008cb00000, 0x00000000d5580000)
  object space 207872K, 58% used [0x0000000080000000,0x0000000087736f30,0x000000008cb00000)
 Metaspace       used 87309K, capacity 94578K, committed 94640K, reserved 1130496K
  class space    used 11994K, capacity 13440K, committed 13488K, reserved 1048576K
Event: 10.622 GC heap after
Heap after GC invocations=17 (full 3):
 PSYoungGen      total 633344K, used 10170K [0x00000000d5580000, 0x00000000fff80000, 0x0000000100000000)
  eden space 567808K, 0% used [0x00000000d5580000,0x00000000d5580000,0x00000000f8000000)
  from space 65536K, 15% used [0x00000000fbf80000,0x00000000fc96e9f8,0x00000000fff80000)
  to   space 65024K, 0% used [0x00000000f8000000,0x00000000f8000000,0x00000000fbf80000)
 ParOldGen       total 207872K, used 152834K [0x0000000080000000, 0x000000008cb00000, 0x00000000d5580000)
  object space 207872K, 73% used [0x0000000080000000,0x0000000089540898,0x000000008cb00000)
 Metaspace       used 87309K, capacity 94578K, committed 94640K, reserved 1130496K
  class space    used 11994K, capacity 13440K, committed 13488K, reserved 1048576K
}
Event: 11.007 GC heap before
{Heap before GC invocations=18 (full 3):
 PSYoungGen      total 633344K, used 577978K [0x00000000d5580000, 0x00000000fff80000, 0x0000000100000000)
  eden space 567808K, 100% used [0x00000000d5580000,0x00000000f8000000,0x00000000f8000000)
  from space 65536K, 15% used [0x00000000fbf80000,0x00000000fc96e9f8,0x00000000fff80000)
  to   space 65024K, 0% used [0x00000000f8000000,0x00000000f8000000,0x00000000fbf80000)
 ParOldGen       total 207872K, used 152834K [0x0000000080000000, 0x000000008cb00000, 0x00000000d5580000)
  object space 207872K, 73% used [0x0000000080000000,0x0000000089540898,0x000000008cb00000)
 Metaspace       used 87635K, capacity 94930K, committed 95152K, reserved 1130496K
  class space    used 12001K, capacity 13472K, committed 13488K, reserved 1048576K
Event: 11.015 GC heap after
Heap after GC invocations=18 (full 3):
 PSYoungGen      total 632832K, used 7637K [0x00000000d5580000, 0x00000000ffe80000, 0x0000000100000000)
  eden space 567808K, 0% used [0x00000000d5580000,0x00000000d5580000,0x00000000f8000000)
  from space 65024K, 11% used [0x00000000f8000000,0x00000000f8775688,0x00000000fbf80000)
  to   space 64512K, 0% used [0x00000000fbf80000,0x00000000fbf80000,0x00000000ffe80000)
 ParOldGen       total 207872K, used 155986K [0x0000000080000000, 0x000000008cb00000, 0x00000000d5580000)
  object space 207872K, 75% used [0x0000000080000000,0x0000000089854898,0x000000008cb00000)
 Metaspace       used 87635K, capacity 94930K, committed 95152K, reserved 1130496K
  class space    used 12001K, capacity 13472K, committed 13488K, reserved 1048576K
}
Event: 11.410 GC heap before
{Heap before GC invocations=19 (full 3):
 PSYoungGen      total 632832K, used 575445K [0x00000000d5580000, 0x00000000ffe80000, 0x0000000100000000)
  eden space 567808K, 100% used [0x00000000d5580000,0x00000000f8000000,0x00000000f8000000)
  from space 65024K, 11% used [0x00000000f8000000,0x00000000f8775688,0x00000000fbf80000)
  to   space 64512K, 0% used [0x00000000fbf80000,0x00000000fbf80000,0x00000000ffe80000)
 ParOldGen       total 207872K, used 155986K [0x0000000080000000, 0x000000008cb00000, 0x00000000d5580000)
  object space 207872K, 75% used [0x0000000080000000,0x0000000089854898,0x000000008cb00000)
 Metaspace       used 87807K, capacity 95028K, committed 95152K, reserved 1130496K
  class space    used 12005K, capacity 13475K, committed 13488K, reserved 1048576K
Event: 11.421 GC heap after
Heap after GC invocations=19 (full 3):
 PSYoungGen      total 628736K, used 18101K [0x00000000d5580000, 0x00000000ff980000, 0x0000000100000000)
  eden space 569344K, 0% used [0x00000000d5580000,0x00000000d5580000,0x00000000f8180000)
  from space 59392K, 30% used [0x00000000fbf80000,0x00000000fd12d768,0x00000000ff980000)
  to   space 61440K, 0% used [0x00000000f8180000,0x00000000f8180000,0x00000000fbd80000)
 ParOldGen       total 207872K, used 157322K [0x0000000080000000, 0x000000008cb00000, 0x00000000d5580000)
  object space 207872K, 75% used [0x0000000080000000,0x00000000899a2898,0x000000008cb00000)
 Metaspace       used 87807K, capacity 95028K, committed 95152K, reserved 1130496K
  class space    used 12005K, capacity 13475K, committed 13488K, reserved 1048576K
}

