# JRE version: OpenJDK Runtime Environment (8.0_242-b01) (build 1.8.0_242-release-1644-b01)
# Java VM: OpenJDK 64-Bit Server VM (25.242-b01 mixed mode windows-amd64 compressed oops)
Heap:
 PSYoungGen      total 595968K, used 420130K [0x00000000d5580000, 0x0000000100000000, 0x0000000100000000)
  eden space 490496K, 81% used [0x00000000d5580000,0x00000000edc2d820,0x00000000f3480000)
  from space 105472K, 19% used [0x00000000f9900000,0x00000000fac9b198,0x0000000100000000)
  to   space 102912K, 0% used [0x00000000f3480000,0x00000000f3480000,0x00000000f9900000)
 ParOldGen       total 401920K, used 316110K [0x0000000080000000, 0x0000000098880000, 0x00000000d5580000)
  object space 401920K, 78% used [0x0000000080000000,0x00000000934b3818,0x0000000098880000)
 Metaspace       used 127861K, capacity 137098K, committed 137432K, reserved 1169408K
  class space    used 16471K, capacity 18323K, committed 18432K, reserved 1048576K
GC Heap History (10 events):
Event: 155.488 GC heap before
{Heap before GC invocations=20 (full 4):
 PSYoungGen      total 574976K, used 549654K [0x00000000d5580000, 0x0000000100000000, 0x0000000100000000)
  eden space 497664K, 100% used [0x00000000d5580000,0x00000000f3b80000,0x00000000f3b80000)
  from space 77312K, 67% used [0x00000000f3b80000,0x00000000f6e45b90,0x00000000f8700000)
  to   space 80384K, 0% used [0x00000000fb180000,0x00000000fb180000,0x0000000100000000)
 ParOldGen       total 401920K, used 218265K [0x0000000080000000, 0x0000000098880000, 0x00000000d5580000)
  object space 401920K, 54% used [0x0000000080000000,0x000000008d526710,0x0000000098880000)
 Metaspace       used 117460K, capacity 125418K, committed 125656K, reserved 1157120K
  class space    used 15407K, capacity 17034K, committed 17152K, reserved 1048576K
Event: 155.529 GC heap after
Heap after GC invocations=20 (full 4):
 PSYoungGen      total 579584K, used 80356K [0x00000000d5580000, 0x0000000100000000, 0x0000000100000000)
  eden space 499200K, 0% used [0x00000000d5580000,0x00000000d5580000,0x00000000f3d00000)
  from space 80384K, 99% used [0x00000000fb180000,0x00000000ffff9370,0x0000000100000000)
  to   space 99840K, 0% used [0x00000000f3d00000,0x00000000f3d00000,0x00000000f9e80000)
 ParOldGen       total 401920K, used 236706K [0x0000000080000000, 0x0000000098880000, 0x00000000d5580000)
  object space 401920K, 58% used [0x0000000080000000,0x000000008e728be8,0x0000000098880000)
 Metaspace       used 117460K, capacity 125418K, committed 125656K, reserved 1157120K
  class space    used 15407K, capacity 17034K, committed 17152K, reserved 1048576K
}
Event: 163.266 GC heap before
{Heap before GC invocations=21 (full 4):
 PSYoungGen      total 579584K, used 579556K [0x00000000d5580000, 0x0000000100000000, 0x0000000100000000)
  eden space 499200K, 100% used [0x00000000d5580000,0x00000000f3d00000,0x00000000f3d00000)
  from space 80384K, 99% used [0x00000000fb180000,0x00000000ffff9370,0x0000000100000000)
  to   space 99840K, 0% used [0x00000000f3d00000,0x00000000f3d00000,0x00000000f9e80000)
 ParOldGen       total 401920K, used 236706K [0x0000000080000000, 0x0000000098880000, 0x00000000d5580000)
  object space 401920K, 58% used [0x0000000080000000,0x000000008e728be8,0x0000000098880000)
 Metaspace       used 124613K, capacity 132874K, committed 133080K, reserved 1165312K
  class space    used 16199K, capacity 17898K, committed 17920K, reserved 1048576K
Event: 163.311 GC heap after
Heap after GC invocations=21 (full 4):
 PSYoungGen      total 599040K, used 13965K [0x00000000d5580000, 0x0000000100000000, 0x0000000100000000)
  eden space 499200K, 0% used [0x00000000d5580000,0x00000000d5580000,0x00000000f3d00000)
  from space 99840K, 13% used [0x00000000f3d00000,0x00000000f4aa3460,0x00000000f9e80000)
  to   space 98304K, 0% used [0x00000000fa000000,0x00000000fa000000,0x0000000100000000)
 ParOldGen       total 401920K, used 316086K [0x0000000080000000, 0x0000000098880000, 0x00000000d5580000)
  object space 401920K, 78% used [0x0000000080000000,0x00000000934ad818,0x0000000098880000)
 Metaspace       used 124613K, capacity 132874K, committed 133080K, reserved 1165312K
  class space    used 16199K, capacity 17898K, committed 17920K, reserved 1048576K
}
Event: 175.756 GC heap before
{Heap before GC invocations=22 (full 4):
 PSYoungGen      total 599040K, used 513165K [0x00000000d5580000, 0x0000000100000000, 0x0000000100000000)
  eden space 499200K, 100% used [0x00000000d5580000,0x00000000f3d00000,0x00000000f3d00000)
  from space 99840K, 13% used [0x00000000f3d00000,0x00000000f4aa3460,0x00000000f9e80000)
  to   space 98304K, 0% used [0x00000000fa000000,0x00000000fa000000,0x0000000100000000)
 ParOldGen       total 401920K, used 316086K [0x0000000080000000, 0x0000000098880000, 0x00000000d5580000)
  object space 401920K, 78% used [0x0000000080000000,0x00000000934ad818,0x0000000098880000)
 Metaspace       used 125352K, capacity 133972K, committed 134232K, reserved 1165312K
  class space    used 16250K, capacity 17991K, committed 18048K, reserved 1048576K
Event: 175.792 GC heap after
Heap after GC invocations=22 (full 4):
 PSYoungGen      total 592384K, used 64796K [0x00000000d5580000, 0x0000000100000000, 0x0000000100000000)
  eden space 494080K, 0% used [0x00000000d5580000,0x00000000d5580000,0x00000000f3800000)
  from space 98304K, 65% used [0x00000000fa000000,0x00000000fdf47208,0x0000000100000000)
  to   space 102400K, 0% used [0x00000000f3800000,0x00000000f3800000,0x00000000f9c00000)
 ParOldGen       total 401920K, used 316094K [0x0000000080000000, 0x0000000098880000, 0x00000000d5580000)
  object space 401920K, 78% used [0x0000000080000000,0x00000000934af818,0x0000000098880000)
 Metaspace       used 125352K, capacity 133972K, committed 134232K, reserved 1165312K
  class space    used 16250K, capacity 17991K, committed 18048K, reserved 1048576K
}
Event: 220.348 GC heap before
{Heap before GC invocations=23 (full 4):
 PSYoungGen      total 592384K, used 558876K [0x00000000d5580000, 0x0000000100000000, 0x0000000100000000)
  eden space 494080K, 100% used [0x00000000d5580000,0x00000000f3800000,0x00000000f3800000)
  from space 98304K, 65% used [0x00000000fa000000,0x00000000fdf47208,0x0000000100000000)
  to   space 102400K, 0% used [0x00000000f3800000,0x00000000f3800000,0x00000000f9c00000)
 ParOldGen       total 401920K, used 316094K [0x0000000080000000, 0x0000000098880000, 0x00000000d5580000)
  object space 401920K, 78% used [0x0000000080000000,0x00000000934af818,0x0000000098880000)
 Metaspace       used 125835K, capacity 134590K, committed 134744K, reserved 1165312K
  class space    used 16273K, capacity 18030K, committed 18048K, reserved 1048576K
Event: 220.377 GC heap after
Heap after GC invocations=23 (full 4):
 PSYoungGen      total 559104K, used 64732K [0x00000000d5580000, 0x0000000100000000, 0x0000000100000000)
  eden space 494080K, 0% used [0x00000000d5580000,0x00000000d5580000,0x00000000f3800000)
  from space 65024K, 99% used [0x00000000f3800000,0x00000000f77372f0,0x00000000f7780000)
  to   space 105472K, 0% used [0x00000000f9900000,0x00000000f9900000,0x0000000100000000)
 ParOldGen       total 401920K, used 316102K [0x0000000080000000, 0x0000000098880000, 0x00000000d5580000)
  object space 401920K, 78% used [0x0000000080000000,0x00000000934b1818,0x0000000098880000)
 Metaspace       used 125835K, capacity 134590K, committed 134744K, reserved 1165312K
  class space    used 16273K, capacity 18030K, committed 18048K, reserved 1048576K
}
Event: 235.596 GC heap before
{Heap before GC invocations=24 (full 4):
 PSYoungGen      total 559104K, used 558812K [0x00000000d5580000, 0x0000000100000000, 0x0000000100000000)
  eden space 494080K, 100% used [0x00000000d5580000,0x00000000f3800000,0x00000000f3800000)
  from space 65024K, 99% used [0x00000000f3800000,0x00000000f77372f0,0x00000000f7780000)
  to   space 105472K, 0% used [0x00000000f9900000,0x00000000f9900000,0x0000000100000000)
 ParOldGen       total 401920K, used 316102K [0x0000000080000000, 0x0000000098880000, 0x00000000d5580000)
  object space 401920K, 78% used [0x0000000080000000,0x00000000934b1818,0x0000000098880000)
 Metaspace       used 126603K, capacity 135390K, committed 135640K, reserved 1167360K
  class space    used 16319K, capacity 18084K, committed 18176K, reserved 1048576K
Event: 235.610 GC heap after
Heap after GC invocations=24 (full 4):
 PSYoungGen      total 595968K, used 20076K [0x00000000d5580000, 0x0000000100000000, 0x0000000100000000)
  eden space 490496K, 0% used [0x00000000d5580000,0x00000000d5580000,0x00000000f3480000)
  from space 105472K, 19% used [0x00000000f9900000,0x00000000fac9b198,0x0000000100000000)
  to   space 102912K, 0% used [0x00000000f3480000,0x00000000f3480000,0x00000000f9900000)
 ParOldGen       total 401920K, used 316110K [0x0000000080000000, 0x0000000098880000, 0x00000000d5580000)
  object space 401920K, 78% used [0x0000000080000000,0x00000000934b3818,0x0000000098880000)
 Metaspace       used 126603K, capacity 135390K, committed 135640K, reserved 1167360K
  class space    used 16319K, capacity 18084K, committed 18176K, reserved 1048576K
}

